<?xml version="1.0" encoding="UTF-8"?>
<!-- Generated by org.testng.reporters.JUnitReportReporter -->
<testsuite hostname="LAPTOP-QMK202VJ" name="AdvancedReport.AdvancedReport.ExtentDemo" tests="1" failures="0" timestamp="24 Nov 2020 14:53:58 GMT" time="8.331" errors="0">
  <testcase name="extentReportsDemo" time="8.331" classname="AdvancedReport.AdvancedReport.ExtentDemo"/>
</testsuite> <!-- AdvancedReport.AdvancedReport.ExtentDemo -->
